[2025-04-22 10:39:05] 👀 .ipynbファイルの変更を監視中... Ctrl+Cで終了します。
[2025-04-22 10:43:06] 📁 変更検知: .\.~250421_UN中野_空調機類型化+特徴量分析.ipynb
[2025-04-22 10:43:09] ✅ 自動コミット＆プッシュ完了
[2025-04-22 10:43:09] 📁 変更検知: .\.~250421_UN中野_空調機類型化+特徴量分析.ipynb
[2025-04-22 10:43:12] ✅ 自動コミット＆プッシュ完了
[2025-04-22 10:43:12] 📁 変更検知: .\250421_UN中野_空調機類型化+特徴量分析.ipynb
[2025-04-22 10:43:14] ✅ 自動コミット＆プッシュ完了
[2025-04-22 10:43:14] 📁 変更検知: .\250421_UN中野_空調機類型化+特徴量分析.ipynb
[2025-04-22 10:43:17] ✅ 自動コミット＆プッシュ完了
[2025-04-22 10:43:17] 📁 変更検知: .\250414_UN中野_空調機類型化+特徴量分析.ipynb
[2025-04-22 10:55:59] 👀 .ipynbファイルの変更を監視中... Ctrl+Cで終了します。
[2025-04-22 10:59:14] 📁 変更検知: .\.~250421_UN中野_空調機類型化+特徴量分析.ipynb
[2025-04-22 10:59:18] ✅ 自動コミット＆プッシュ完了
[2025-04-22 10:59:18] 📁 変更検知: .\.~250421_UN中野_空調機類型化+特徴量分析.ipynb
[2025-04-22 10:59:21] ✅ 自動コミット＆プッシュ完了
[2025-04-22 10:59:21] 📁 変更検知: .\250421_UN中野_空調機類型化+特徴量分析.ipynb
[2025-04-22 10:59:24] ✅ 自動コミット＆プッシュ完了
[2025-04-22 10:59:24] 📁 変更検知: .\250421_UN中野_空調機類型化+特徴量分析.ipynb
[2025-04-22 10:59:27] ✅ 自動コミット＆プッシュ完了
[2025-04-22 11:07:14] 📁 変更検知: .\.~250421_UN中野_空調機類型化+特徴量分析.ipynb
[2025-04-22 11:07:17] ✅ 自動コミット＆プッシュ完了
[2025-04-22 11:07:17] 📁 変更検知: .\.~250421_UN中野_空調機類型化+特徴量分析.ipynb
[2025-04-22 11:07:20] ✅ 自動コミット＆プッシュ完了
[2025-04-22 11:07:20] 📁 変更検知: .\250421_UN中野_空調機類型化+特徴量分析.ipynb
[2025-04-22 11:07:22] ✅ 自動コミット＆プッシュ完了
[2025-04-22 11:07:22] 📁 変更検知: .\250421_UN中野_空調機類型化+特徴量分析.ipynb
[2025-04-22 11:07:25] ✅ 自動コミット＆プッシュ完了
[2025-04-22 11:09:15] 📁 変更検知: .\.~250421_UN中野_空調機類型化+特徴量分析.ipynb
[2025-04-22 11:09:17] ✅ 自動コミット＆プッシュ完了
[2025-04-22 11:09:17] 📁 変更検知: .\.~250421_UN中野_空調機類型化+特徴量分析.ipynb
[2025-04-22 11:09:20] ✅ 自動コミット＆プッシュ完了
[2025-04-22 11:09:20] 📁 変更検知: .\250421_UN中野_空調機類型化+特徴量分析.ipynb
[2025-04-22 11:09:22] ✅ 自動コミット＆プッシュ完了
[2025-04-22 11:09:22] 📁 変更検知: .\250421_UN中野_空調機類型化+特徴量分析.ipynb
[2025-04-22 11:09:25] ✅ 自動コミット＆プッシュ完了
[2025-04-22 11:11:15] 📁 変更検知: .\.~250421_UN中野_空調機類型化+特徴量分析.ipynb
[2025-04-22 11:11:17] ✅ 自動コミット＆プッシュ完了
[2025-04-22 11:11:17] 📁 変更検知: .\.~250421_UN中野_空調機類型化+特徴量分析.ipynb
[2025-04-22 11:11:20] ✅ 自動コミット＆プッシュ完了
[2025-04-22 11:11:20] 📁 変更検知: .\250421_UN中野_空調機類型化+特徴量分析.ipynb
[2025-04-22 11:11:22] ✅ 自動コミット＆プッシュ完了
[2025-04-22 11:11:22] 📁 変更検知: .\250421_UN中野_空調機類型化+特徴量分析.ipynb
[2025-04-22 11:11:25] ✅ 自動コミット＆プッシュ完了
[2025-04-22 11:13:15] 📁 変更検知: .\.~250421_UN中野_空調機類型化+特徴量分析.ipynb
[2025-04-22 11:13:17] ✅ 自動コミット＆プッシュ完了
[2025-04-22 11:13:17] 📁 変更検知: .\.~250421_UN中野_空調機類型化+特徴量分析.ipynb
[2025-04-22 11:13:20] ✅ 自動コミット＆プッシュ完了
[2025-04-22 11:13:20] 📁 変更検知: .\250421_UN中野_空調機類型化+特徴量分析.ipynb
[2025-04-22 11:13:22] ✅ 自動コミット＆プッシュ完了
[2025-04-22 11:13:22] 📁 変更検知: .\250421_UN中野_空調機類型化+特徴量分析.ipynb
[2025-04-22 11:13:25] ✅ 自動コミット＆プッシュ完了
[2025-04-22 11:15:15] 📁 変更検知: .\.~250421_UN中野_空調機類型化+特徴量分析.ipynb
[2025-04-22 11:15:17] ✅ 自動コミット＆プッシュ完了
[2025-04-22 11:15:17] 📁 変更検知: .\.~250421_UN中野_空調機類型化+特徴量分析.ipynb
[2025-04-22 11:15:20] ✅ 自動コミット＆プッシュ完了
[2025-04-22 11:15:20] 📁 変更検知: .\250421_UN中野_空調機類型化+特徴量分析.ipynb
[2025-04-22 11:15:22] ✅ 自動コミット＆プッシュ完了
[2025-04-22 11:17:15] 📁 変更検知: .\.~250421_UN中野_空調機類型化+特徴量分析.ipynb
[2025-04-22 11:17:17] ✅ 自動コミット＆プッシュ完了
[2025-04-22 11:17:17] 📁 変更検知: .\.~250421_UN中野_空調機類型化+特徴量分析.ipynb
[2025-04-22 11:17:20] ✅ 自動コミット＆プッシュ完了
[2025-04-22 11:17:20] 📁 変更検知: .\250421_UN中野_空調機類型化+特徴量分析.ipynb
[2025-04-22 11:17:23] ✅ 自動コミット＆プッシュ完了
[2025-04-22 11:19:15] 📁 変更検知: .\.~250421_UN中野_空調機類型化+特徴量分析.ipynb
[2025-04-22 11:19:17] ✅ 自動コミット＆プッシュ完了
[2025-04-22 11:19:17] 📁 変更検知: .\.~250421_UN中野_空調機類型化+特徴量分析.ipynb
[2025-04-22 11:19:20] ✅ 自動コミット＆プッシュ完了
[2025-04-22 11:19:20] 📁 変更検知: .\250421_UN中野_空調機類型化+特徴量分析.ipynb
[2025-04-22 11:19:22] ✅ 自動コミット＆プッシュ完了
[2025-04-22 11:19:40] 📁 変更検知: .\250422_UN中野_空調機類型化+特徴量分析.ipynb
[2025-04-22 11:19:43] ✅ 自動コミット＆プッシュ完了
[2025-04-22 11:21:40] 📁 変更検知: .\.~250422_UN中野_空調機類型化+特徴量分析.ipynb
[2025-04-22 11:21:42] ✅ 自動コミット＆プッシュ完了
[2025-04-22 11:21:42] 📁 変更検知: .\.~250422_UN中野_空調機類型化+特徴量分析.ipynb
[2025-04-22 11:21:45] ✅ 自動コミット＆プッシュ完了
[2025-04-22 11:21:45] 📁 変更検知: .\250422_UN中野_空調機類型化+特徴量分析.ipynb
[2025-04-22 11:21:47] ✅ 自動コミット＆プッシュ完了
[2025-04-22 11:21:47] 📁 変更検知: .\250422_UN中野_空調機類型化+特徴量分析.ipynb
[2025-04-22 11:21:50] ✅ 自動コミット＆プッシュ完了
[2025-04-22 11:23:40] 📁 変更検知: .\.~250422_UN中野_空調機類型化+特徴量分析.ipynb
[2025-04-22 11:23:42] ✅ 自動コミット＆プッシュ完了
[2025-04-22 11:23:42] 📁 変更検知: .\.~250422_UN中野_空調機類型化+特徴量分析.ipynb
[2025-04-22 11:23:45] ✅ 自動コミット＆プッシュ完了
[2025-04-22 11:23:45] 📁 変更検知: .\250422_UN中野_空調機類型化+特徴量分析.ipynb
[2025-04-22 11:23:48] ✅ 自動コミット＆プッシュ完了
[2025-04-22 11:23:48] 📁 変更検知: .\250422_UN中野_空調機類型化+特徴量分析.ipynb
[2025-04-22 11:23:50] ✅ 自動コミット＆プッシュ完了
[2025-04-22 11:25:40] 📁 変更検知: .\.~250422_UN中野_空調機類型化+特徴量分析.ipynb
[2025-04-22 11:25:43] ✅ 自動コミット＆プッシュ完了
[2025-04-22 11:25:43] 📁 変更検知: .\.~250422_UN中野_空調機類型化+特徴量分析.ipynb
[2025-04-22 11:25:45] ✅ 自動コミット＆プッシュ完了
[2025-04-22 11:25:45] 📁 変更検知: .\250422_UN中野_空調機類型化+特徴量分析.ipynb
[2025-04-22 11:25:48] ✅ 自動コミット＆プッシュ完了
[2025-04-22 11:27:40] 📁 変更検知: .\.~250422_UN中野_空調機類型化+特徴量分析.ipynb
[2025-04-22 11:27:43] ✅ 自動コミット＆プッシュ完了
[2025-04-22 11:27:43] 📁 変更検知: .\.~250422_UN中野_空調機類型化+特徴量分析.ipynb
[2025-04-22 11:27:45] ✅ 自動コミット＆プッシュ完了
[2025-04-22 11:27:45] 📁 変更検知: .\250422_UN中野_空調機類型化+特徴量分析.ipynb
[2025-04-22 12:39:42] ❌ エラー: Command '['git', 'push']' returned non-zero exit status 128.
[2025-04-22 12:39:42] 📁 変更検知: .\250422_UN中野_空調機類型化+特徴量分析.ipynb
[2025-04-22 12:39:54] ❌ エラー: Command '['git', 'push']' returned non-zero exit status 128.
[2025-04-22 12:39:54] 📁 変更検知: .\.~250422_UN中野_空調機類型化+特徴量分析.ipynb
[2025-04-22 12:41:07] ❌ エラー: Command '['git', 'push']' returned non-zero exit status 128.
[2025-04-22 12:41:07] 📁 変更検知: .\250422_UN中野_空調機類型化+特徴量分析.ipynb
[2025-04-22 12:41:10] ✅ 自動コミット＆プッシュ完了
[2025-04-22 12:41:10] 📁 変更検知: .\.~250422_UN中野_空調機類型化+特徴量分析.ipynb
[2025-04-22 12:41:12] ✅ 自動コミット＆プッシュ完了
[2025-04-22 12:41:12] 📁 変更検知: .\250422_UN中野_空調機類型化+特徴量分析.ipynb
[2025-04-22 12:41:15] ✅ 自動コミット＆プッシュ完了
[2025-04-22 12:45:51] 📁 変更検知: .\.~250422_UN中野_空調機類型化+特徴量分析.ipynb
[2025-04-22 12:45:54] ✅ 自動コミット＆プッシュ完了
[2025-04-22 12:45:54] 📁 変更検知: .\.~250422_UN中野_空調機類型化+特徴量分析.ipynb
